Release 14.7 - ngc2edif P.20131013 (nt64)
Copyright (c) 1995-2013 Xilinx, Inc.  All rights reserved.
Reading design hdmi_verify.ngc ...
WARNING:NetListWriters:298 - No output is written to hdmi_verify.xncf, ignored.
Processing design ...
   Preping design's networks ...
   Preping design's macros ...
WARNING:NetListWriters:306 - Signal bus
   hdmi_driver/Msub_h_cnt[11]_GND_8_o_sub_9_OUT_lut<11 : 3> on block hdmi_verify
   is not reconstructed, because there are some missing bus signals.
  finished :Prep
Writing EDIF netlist file hdmi_verify.edif ...
ngc2edif: Total memory usage is 89692 kilobytes

Release 14.7 - ngc2edif P.20131013 (nt64)
Copyright (c) 1995-2013 Xilinx, Inc.  All rights reserved.
Reading design hdmi_in_fifo.ngc ...
WARNING:NetListWriters:298 - No output is written to hdmi_in_fifo.xncf, ignored.
Processing design ...
   Preping design's networks ...
   Preping design's macros ...
  finished :Prep
Writing EDIF netlist file hdmi_in_fifo.edif ...
ngc2edif: Total memory usage is 90716 kilobytes

Release 14.7 - ngc2edif P.20131013 (nt64)
Copyright (c) 1995-2013 Xilinx, Inc.  All rights reserved.
Reading design hdmi_verify.ngc ...
WARNING:NetListWriters:298 - No output is written to hdmi_verify.xncf, ignored.
Processing design ...
   Preping design's networks ...
   Preping design's macros ...
WARNING:NetListWriters:306 - Signal bus
   hdmi_driver/Msub_h_cnt[11]_GND_8_o_sub_9_OUT_lut<11 : 3> on block hdmi_verify
   is not reconstructed, because there are some missing bus signals.
  finished :Prep
Writing EDIF netlist file hdmi_verify.edif ...
ngc2edif: Total memory usage is 85736 kilobytes

Release 14.7 - ngc2edif P.20131013 (nt64)
Copyright (c) 1995-2013 Xilinx, Inc.  All rights reserved.
Reading design hdmi_in_fifo.ngc ...
WARNING:NetListWriters:298 - No output is written to hdmi_in_fifo.xncf, ignored.
Processing design ...
   Preping design's networks ...
   Preping design's macros ...
  finished :Prep
Writing EDIF netlist file hdmi_in_fifo.edif ...
ngc2edif: Total memory usage is 86504 kilobytes

Release 14.7 - ngc2edif P.20131013 (nt64)
Copyright (c) 1995-2013 Xilinx, Inc.  All rights reserved.
Reading design hdmi_verify.ngc ...
WARNING:NetListWriters:298 - No output is written to hdmi_verify.xncf, ignored.
Processing design ...
   Preping design's networks ...
   Preping design's macros ...
WARNING:NetListWriters:306 - Signal bus
   hdmi_driver/Msub_h_cnt[11]_GND_8_o_sub_9_OUT_lut<11 : 3> on block hdmi_verify
   is not reconstructed, because there are some missing bus signals.
  finished :Prep
Writing EDIF netlist file hdmi_verify.edif ...
ngc2edif: Total memory usage is 85672 kilobytes

