#-----------------------------------------------------------
# PlanAhead v14.7 (64-bit)
# Build 321239 by xbuild on Fri Sep 27 19:29:51 MDT 2013
# Start of session at: Thu Mar 16 23:33:44 2017
# Process ID: 2824
# Log file: C:/Users/liuzh_000/Documents/GE/B Project/hdmi_verify/planAhead_run_1/planAhead.log
# Journal file: C:/Users/liuzh_000/Documents/GE/B Project/hdmi_verify/planAhead_run_1/planAhead.jou
#-----------------------------------------------------------
INFO: [Common 17-78] Attempting to get a license: PlanAhead
INFO: [Common 17-290] Got license for PlanAhead
INFO: [Device 21-36] Loading parts and site information from C:/Program/Xilinx/14.7/ISE_DS/PlanAhead/data/parts/arch.xml
Parsing RTL primitives file [C:/Program/Xilinx/14.7/ISE_DS/PlanAhead/data/parts/xilinx/rtl/prims/rtl_prims.xml]
Finished parsing RTL primitives file [C:/Program/Xilinx/14.7/ISE_DS/PlanAhead/data/parts/xilinx/rtl/prims/rtl_prims.xml]
start_gui
source {C:/Users/liuzh_000/Documents/GE/B Project/hdmi_verify/pa.fromHdl.tcl}
# create_project -name hdmi_verify -dir "C:/Users/liuzh_000/Documents/GE/B Project/hdmi_verify/planAhead_run_1" -part xc6slx45fgg484-2
# set_param project.pinAheadLayout yes
# set srcset [get_property srcset [current_run -impl]]
# set_property target_constrs_file "hdmi_verify.ucf" [current_fileset -constrset]
Adding file 'C:/Users/liuzh_000/Documents/GE/B Project/hdmi_verify/hdmi_verify.ucf' to fileset 'constrs_1'
# set hdlfile [add_files [list {hdmi_verify.v}]]
# set_property file_type Verilog $hdlfile
# set_property library work $hdlfile
# set_property top hdmi_verify $srcset
# add_files [list {hdmi_verify.ucf}] -fileset [get_property constrset [current_run]]
# open_rtl_design -part xc6slx45fgg484-2
Using Verific elaboration
Parsing VHDL file "C:/Program/Xilinx/14.7/ISE_DS/PlanAhead/data/parts/xilinx/rtl/lib/synplify/synattr.vhd" into library synplify
Analyzing Verilog file "C:/Users/liuzh_000/Documents/GE/B Project/hdmi_verify/hdmi_verify.v" into library work
Loading clock regions from C:/Program/Xilinx/14.7/ISE_DS/PlanAhead/data\parts/xilinx/spartan6/spartan6lx/xc6slx45/ClockRegion.xml
Loading clock buffers from C:/Program/Xilinx/14.7/ISE_DS/PlanAhead/data\parts/xilinx/spartan6/spartan6lx/xc6slx45/ClockBuffers.xml
Loading package pin functions from C:/Program/Xilinx/14.7/ISE_DS/PlanAhead/data\parts/xilinx/spartan6/PinFunctions.xml...
Loading package from C:/Program/Xilinx/14.7/ISE_DS/PlanAhead/data\parts/xilinx/spartan6/spartan6lx/xc6slx45/fgg484/Package.xml
Loading io standards from C:/Program/Xilinx/14.7/ISE_DS/PlanAhead/data\./parts/xilinx/spartan6/IOStandards.xml
Loading device configuration modes from C:/Program/Xilinx/14.7/ISE_DS/PlanAhead/data\parts/xilinx/spartan6/ConfigModes.xml
Loading list of drcs for the architecture : C:/Program/Xilinx/14.7/ISE_DS/PlanAhead/data\./parts/xilinx/spartan6/drc.xml
Parsing UCF File [C:/Users/liuzh_000/Documents/GE/B Project/hdmi_verify/hdmi_verify.ucf]
Finished Parsing UCF File [C:/Users/liuzh_000/Documents/GE/B Project/hdmi_verify/hdmi_verify.ucf]
INFO: [Project 1-111] Unisim Transformation Summary:
No Unisim elements were transformed.

Phase 0 | Netlist Checksum: a0c56024
open_rtl_design: Time (s): elapsed = 00:00:14 . Memory (MB): peak = 673.523 ; gain = 210.094
update_compile_order -fileset sim_1
exit
ERROR: [PlanAhead 12-106] *** Exception: ui.h.b: Found deleted key in HTclEventBroker. Verify if the classes listed here call cleanup()
HTclEvent: DEBUG_PORT_CONFIG_CHANGE   Classes: ui.views.aR 
HTclEvent: DEBUG_CORE_CONFIG_CHANGE   Classes: ui.views.aR 
HTclEvent: SIGNAL_BUS_MODIFY   Classes: ui.views.aR 
HTclEvent: SIGNAL_MODIFY   Classes: ui.views.aR 
 (See C:/Users/liuzh_000/Documents/GE/B Project/hdmi_verify\planAhead_pid2824.debug)
ERROR: [Common 17-39] 'stop_gui' failed due to earlier errors.
INFO: [Common 17-206] Exiting PlanAhead at Thu Mar 16 23:34:59 2017...
INFO: [Common 17-83] Releasing license: PlanAhead
